20:34:56.150  INFO  manager.ApplicationManager - The current url is --->https://ilcarro-1578153671498.web.app/search
20:34:56.370  INFO  TestBase - Start Method with name --->registrationSuccess
20:34:56.382  INFO  manager.Listener1WD - Before Find Elements By -->By.xpath: //a[text()=' Logout ']
20:35:01.517  INFO  manager.Listener1WD - After Find Elements By -->By.xpath: //a[text()=' Logout ']
20:35:01.532  INFO  manager.Listener1WD - List size is -->0
20:35:01.568  INFO  manager.Listener1WD - Before Find Element By -->By.xpath: //a[text()=' Sign up ']
20:35:01.663  INFO  manager.Listener1WD - After Find Element By -->By.xpath: //a[text()=' Sign up ']
20:35:02.264  INFO  manager.Listener1WD - Before Find Element By -->By.id: name
20:35:02.768  INFO  manager.Listener1WD - After Find Element By -->By.id: name
20:35:03.747  INFO  manager.Listener1WD - Before Find Element By -->By.id: lastName
20:35:03.802  INFO  manager.Listener1WD - After Find Element By -->By.id: lastName
20:35:04.004  INFO  manager.Listener1WD - Before Find Element By -->By.id: email
20:35:04.049  INFO  manager.Listener1WD - After Find Element By -->By.id: email
20:35:04.411  INFO  manager.Listener1WD - Before Find Element By -->By.id: password
20:35:04.455  INFO  manager.Listener1WD - After Find Element By -->By.id: password
20:35:05.501  INFO  manager.Listener1WD - Before Find Element By -->By.cssSelector: label[for='terms-of-use']
20:35:05.593  INFO  manager.Listener1WD - After Find Element By -->By.cssSelector: label[for='terms-of-use']
20:35:07.004  INFO  manager.Listener1WD - Before Find Element By -->By.cssSelector: button[type='submit']
20:35:07.043  INFO  manager.Listener1WD - After Find Element By -->By.cssSelector: button[type='submit']
20:35:07.111  INFO  manager.Listener1WD - Before Find Element By -->By.cssSelector: button[type='submit']
20:35:07.141  INFO  manager.Listener1WD - After Find Element By -->By.cssSelector: button[type='submit']
20:35:07.501  INFO  manager.Listener1WD - Before Find Element By -->By.cssSelector: div.dialog-container
20:35:08.125  INFO  manager.Listener1WD - After Find Element By -->By.cssSelector: div.dialog-container
20:35:08.156  INFO  manager.Listener1WD - Before Find Element By -->By.cssSelector: div.dialog-container>h1
20:35:08.201  INFO  manager.Listener1WD - After Find Element By -->By.cssSelector: div.dialog-container>h1
20:35:08.263  INFO  manager.Listener1WD - Before Find Elements By -->By.xpath: //button[text()='Ok']
20:35:08.336  INFO  manager.Listener1WD - After Find Elements By -->By.xpath: //button[text()='Ok']
20:35:08.336  INFO  manager.Listener1WD - List size is -->1
20:35:08.336  INFO  manager.Listener1WD - Before Find Element By -->By.xpath: //button[text()='Ok']
20:35:08.397  INFO  manager.Listener1WD - After Find Element By -->By.xpath: //button[text()='Ok']
20:35:08.598  INFO  TestBase - Start Method with name --->registrationWrongPassword
20:35:08.598  INFO  manager.Listener1WD - Before Find Elements By -->By.xpath: //a[text()=' Logout ']
20:35:08.671  INFO  manager.Listener1WD - After Find Elements By -->By.xpath: //a[text()=' Logout ']
20:35:08.671  INFO  manager.Listener1WD - List size is -->1
20:35:08.671  INFO  manager.Listener1WD - Before Find Element By -->By.xpath: //a[text()=' Logout ']
20:35:08.696  INFO  manager.Listener1WD - After Find Element By -->By.xpath: //a[text()=' Logout ']
20:35:08.942  INFO  manager.Listener1WD - Before Find Element By -->By.xpath: //a[text()=' Sign up ']
20:35:08.961  INFO  manager.Listener1WD - After Find Element By -->By.xpath: //a[text()=' Sign up ']
20:35:09.046  INFO  manager.Listener1WD - Before Find Element By -->By.id: name
20:35:09.069  INFO  manager.Listener1WD - After Find Element By -->By.id: name
20:35:09.146  INFO  manager.Listener1WD - Before Find Element By -->By.id: lastName
20:35:09.180  INFO  manager.Listener1WD - After Find Element By -->By.id: lastName
20:35:09.254  INFO  manager.Listener1WD - Before Find Element By -->By.id: email
20:35:09.278  INFO  manager.Listener1WD - After Find Element By -->By.id: email
20:35:10.380  INFO  manager.Listener1WD - Before Find Element By -->By.id: password
20:35:15.441  INFO  manager.Listener1WD - We have a 'problem'
20:35:15.442  INFO  manager.Listener1WD - The name of error method  findElement
20:35:15.475  INFO  manager.Listener1WD - Describe of error org.openqa.selenium.NoSuchElementException: no such element: Unable to locate element: {"method":"css selector","selector":"#password"}
  (Session info: chrome=106.0.5249.119)
For documentation on this error, please visit: https://selenium.dev/exceptions/#no_such_element
Build info: version: '4.4.0', revision: 'e5c75ed026a'
System info: host: 'MacBook-Air-Yana.local', ip: 'fe80:0:0:0:148b:bf50:af56:a037%en0', os.name: 'Mac OS X', os.arch: 'x86_64', os.version: '12.1', java.version: '11.0.14'
Driver info: org.openqa.selenium.chrome.ChromeDriver
Command: [3b7c7b46bdf74a08d156de76a03ee764, findElement {using=id, value=password}]
Capabilities {acceptInsecureCerts: false, browserName: chrome, browserVersion: 106.0.5249.119, chrome: {chromedriverVersion: 105.0.5195.52 (412c95e51883..., userDataDir: /var/folders/wy/nhmf_xgn38n...}, goog:chromeOptions: {debuggerAddress: localhost:52466}, networkConnectionEnabled: false, pageLoadStrategy: normal, platformName: MAC, proxy: Proxy(), se:cdp: ws://localhost:52466/devtoo..., se:cdpVersion: 106.0.5249.119, setWindowRect: true, strictFileInteractability: false, timeouts: {implicit: 0, pageLoad: 300000, script: 30000}, unhandledPromptBehavior: dismiss and notify, webauthn:extension:credBlob: true, webauthn:extension:largeBlob: true, webauthn:virtualAuthenticators: true}
Session ID: 3b7c7b46bdf74a08d156de76a03ee764
20:35:15.476  INFO  manager.Listener1WD - *********************
20:35:15.476  INFO  manager.Listener1WD - ChromeDriver: chrome on MAC (3b7c7b46bdf74a08d156de76a03ee764)
20:35:15.491  INFO  manager.Listener1WD - Screen with error is  1735 ****src/test/screenshots/screen1735.png
20:35:17.321  INFO  manager.Listener1WD - Before Find Elements By -->By.xpath: //button[text()='Ok']
20:35:22.385  INFO  manager.Listener1WD - After Find Elements By -->By.xpath: //button[text()='Ok']
20:35:22.385  INFO  manager.Listener1WD - List size is -->0
20:35:22.428  INFO  TestBase - Start Method with name --->loginSuccess
20:35:22.432  INFO  manager.Listener1WD - Before Find Elements By -->By.xpath: //a[text()=' Logout ']
20:35:27.530  INFO  manager.Listener1WD - After Find Elements By -->By.xpath: //a[text()=' Logout ']
20:35:27.533  INFO  manager.Listener1WD - List size is -->0
20:35:27.575  INFO  TestBase - Login scenario success was used data email: noa@gmail.com & password: Nnoa12345$
20:35:27.576  INFO  manager.Listener1WD - Before Find Element By -->By.cssSelector: a[href ^='/login']
20:35:27.723  INFO  manager.Listener1WD - After Find Element By -->By.cssSelector: a[href ^='/login']
20:35:27.966  INFO  manager.Listener1WD - Before Find Element By -->By.id: email
20:35:28.010  INFO  manager.Listener1WD - After Find Element By -->By.id: email
20:35:28.131  INFO  manager.Listener1WD - Before Find Element By -->By.id: password
20:35:28.166  INFO  manager.Listener1WD - After Find Element By -->By.id: password
20:35:28.430  INFO  manager.Listener1WD - Before Find Element By -->By.cssSelector: button[type='submit']
20:35:28.532  INFO  manager.Listener1WD - After Find Element By -->By.cssSelector: button[type='submit']
20:35:28.561  INFO  manager.Listener1WD - Before Find Element By -->By.cssSelector: button[type='submit']
20:35:28.584  INFO  manager.Listener1WD - After Find Element By -->By.cssSelector: button[type='submit']
20:35:28.639  INFO  manager.Listener1WD - Before Find Element By -->By.cssSelector: div.dialog-container
20:35:30.713  INFO  manager.Listener1WD - After Find Element By -->By.cssSelector: div.dialog-container
20:35:30.751  INFO  manager.Listener1WD - Before Find Element By -->By.cssSelector: h2.message
20:35:30.783  INFO  manager.Listener1WD - After Find Element By -->By.cssSelector: h2.message
20:35:30.806  INFO  TestBase - In assert checked message 'Logged in success' in dialog  
20:35:30.809  INFO  manager.Listener1WD - Before Find Elements By -->By.xpath: //button[text()='Ok']
20:35:30.837  INFO  manager.Listener1WD - After Find Elements By -->By.xpath: //button[text()='Ok']
20:35:30.837  INFO  manager.Listener1WD - List size is -->1
20:35:30.837  INFO  manager.Listener1WD - Before Find Element By -->By.xpath: //button[text()='Ok']
20:35:30.865  INFO  manager.Listener1WD - After Find Element By -->By.xpath: //button[text()='Ok']
20:35:30.910  INFO  TestBase - Start Method with name --->loginSuccess
20:35:30.911  INFO  manager.Listener1WD - Before Find Elements By -->By.xpath: //a[text()=' Logout ']
20:35:30.933  INFO  manager.Listener1WD - After Find Elements By -->By.xpath: //a[text()=' Logout ']
20:35:30.933  INFO  manager.Listener1WD - List size is -->1
20:35:30.933  INFO  manager.Listener1WD - Before Find Element By -->By.xpath: //a[text()=' Logout ']
20:35:30.955  INFO  manager.Listener1WD - After Find Element By -->By.xpath: //a[text()=' Logout ']
20:35:31.065  INFO  TestBase - The logout was needed 
20:35:31.066  INFO  TestBase - Login scenario success was used data email: sonya@gmail.com & password: Ss12345$
20:35:31.066  INFO  manager.Listener1WD - Before Find Element By -->By.cssSelector: a[href ^='/login']
20:35:31.094  INFO  manager.Listener1WD - After Find Element By -->By.cssSelector: a[href ^='/login']
20:35:31.545  INFO  manager.Listener1WD - Before Find Element By -->By.id: email
20:35:36.581  INFO  manager.Listener1WD - We have a 'problem'
20:35:36.582  INFO  manager.Listener1WD - The name of error method  findElement
20:35:36.589  INFO  manager.Listener1WD - Describe of error org.openqa.selenium.NoSuchElementException: no such element: Unable to locate element: {"method":"css selector","selector":"#email"}
  (Session info: chrome=106.0.5249.119)
For documentation on this error, please visit: https://selenium.dev/exceptions/#no_such_element
Build info: version: '4.4.0', revision: 'e5c75ed026a'
System info: host: 'MacBook-Air-Yana.local', ip: 'fe80:0:0:0:148b:bf50:af56:a037%en0', os.name: 'Mac OS X', os.arch: 'x86_64', os.version: '12.1', java.version: '11.0.14'
Driver info: org.openqa.selenium.chrome.ChromeDriver
Command: [3b7c7b46bdf74a08d156de76a03ee764, findElement {using=id, value=email}]
Capabilities {acceptInsecureCerts: false, browserName: chrome, browserVersion: 106.0.5249.119, chrome: {chromedriverVersion: 105.0.5195.52 (412c95e51883..., userDataDir: /var/folders/wy/nhmf_xgn38n...}, goog:chromeOptions: {debuggerAddress: localhost:52466}, networkConnectionEnabled: false, pageLoadStrategy: normal, platformName: MAC, proxy: Proxy(), se:cdp: ws://localhost:52466/devtoo..., se:cdpVersion: 106.0.5249.119, setWindowRect: true, strictFileInteractability: false, timeouts: {implicit: 0, pageLoad: 300000, script: 30000}, unhandledPromptBehavior: dismiss and notify, webauthn:extension:credBlob: true, webauthn:extension:largeBlob: true, webauthn:virtualAuthenticators: true}
Session ID: 3b7c7b46bdf74a08d156de76a03ee764
20:35:36.590  INFO  manager.Listener1WD - *********************
20:35:36.590  INFO  manager.Listener1WD - ChromeDriver: chrome on MAC (3b7c7b46bdf74a08d156de76a03ee764)
20:35:36.590  INFO  manager.Listener1WD - Screen with error is  1141 ****src/test/screenshots/screen1141.png
20:35:38.168  INFO  manager.Listener1WD - Before Find Elements By -->By.xpath: //button[text()='Ok']
20:35:43.252  INFO  manager.Listener1WD - After Find Elements By -->By.xpath: //button[text()='Ok']
20:35:43.253  INFO  manager.Listener1WD - List size is -->0
20:35:43.254  INFO  TestBase - Start Method with name --->loginSuccess
20:35:43.256  INFO  manager.Listener1WD - Before Find Elements By -->By.xpath: //a[text()=' Logout ']
20:35:48.315  INFO  manager.Listener1WD - After Find Elements By -->By.xpath: //a[text()=' Logout ']
20:35:48.316  INFO  manager.Listener1WD - List size is -->0
20:35:48.318  INFO  TestBase - Login scenario success was used data email: noa@gmail.com & password: Nnoa12345$
20:35:48.319  INFO  manager.Listener1WD - Before Find Element By -->By.cssSelector: a[href ^='/login']
20:35:48.404  INFO  manager.Listener1WD - After Find Element By -->By.cssSelector: a[href ^='/login']
20:35:48.673  INFO  manager.Listener1WD - Before Find Element By -->By.id: email
20:35:48.701  INFO  manager.Listener1WD - After Find Element By -->By.id: email
20:35:48.851  INFO  manager.Listener1WD - Before Find Element By -->By.id: password
20:35:48.868  INFO  manager.Listener1WD - After Find Element By -->By.id: password
20:35:49.014  INFO  manager.Listener1WD - Before Find Element By -->By.cssSelector: button[type='submit']
20:35:49.032  INFO  manager.Listener1WD - After Find Element By -->By.cssSelector: button[type='submit']
20:35:49.061  INFO  manager.Listener1WD - Before Find Element By -->By.cssSelector: button[type='submit']
20:35:49.080  INFO  manager.Listener1WD - After Find Element By -->By.cssSelector: button[type='submit']
20:35:49.117  INFO  manager.Listener1WD - Before Find Element By -->By.cssSelector: div.dialog-container
20:35:52.647  INFO  manager.Listener1WD - After Find Element By -->By.cssSelector: div.dialog-container
20:35:52.667  INFO  manager.Listener1WD - Before Find Element By -->By.cssSelector: h2.message
20:35:52.684  INFO  manager.Listener1WD - After Find Element By -->By.cssSelector: h2.message
20:35:52.695  INFO  TestBase - In assert checked message 'Logged in success' in dialog  
20:35:52.698  INFO  manager.Listener1WD - Before Find Elements By -->By.xpath: //button[text()='Ok']
20:35:52.709  INFO  manager.Listener1WD - After Find Elements By -->By.xpath: //button[text()='Ok']
20:35:52.710  INFO  manager.Listener1WD - List size is -->1
20:35:52.710  INFO  manager.Listener1WD - Before Find Element By -->By.xpath: //button[text()='Ok']
20:35:52.724  INFO  manager.Listener1WD - After Find Element By -->By.xpath: //button[text()='Ok']
20:35:52.759  INFO  TestBase - Start Method with name --->loginSuccessModels
20:35:52.760  INFO  manager.Listener1WD - Before Find Elements By -->By.xpath: //a[text()=' Logout ']
20:35:52.773  INFO  manager.Listener1WD - After Find Elements By -->By.xpath: //a[text()=' Logout ']
20:35:52.774  INFO  manager.Listener1WD - List size is -->1
20:35:52.774  INFO  manager.Listener1WD - Before Find Element By -->By.xpath: //a[text()=' Logout ']
20:35:52.790  INFO  manager.Listener1WD - After Find Element By -->By.xpath: //a[text()=' Logout ']
20:35:52.905  INFO  TestBase - The logout was needed 
20:35:52.945  INFO  TestBase - Login scenario success was used dataUser{name='null', lastname='null', email='noa@gmail.com', password='Nnoa12345$', phone='null'}
20:35:52.945  INFO  manager.Listener1WD - Before Find Element By -->By.xpath: //a[text()='Log in']
20:35:52.960  INFO  manager.Listener1WD - After Find Element By -->By.xpath: //a[text()='Log in']
20:35:54.018  INFO  manager.Listener1WD - We have a 'problem'
20:35:54.020  INFO  manager.Listener1WD - The name of error method  click
20:35:54.021  INFO  manager.Listener1WD - Describe of error org.openqa.selenium.ElementClickInterceptedException: element click intercepted: Element is not clickable at point (1305, 2069)
  (Session info: chrome=106.0.5249.119)
Build info: version: '4.4.0', revision: 'e5c75ed026a'
System info: host: 'MacBook-Air-Yana.local', ip: 'fe80:0:0:0:148b:bf50:af56:a037%en0', os.name: 'Mac OS X', os.arch: 'x86_64', os.version: '12.1', java.version: '11.0.14'
Driver info: org.openqa.selenium.chrome.ChromeDriver
Command: [3b7c7b46bdf74a08d156de76a03ee764, clickElement {id=16047465-9099-4f66-8d02-ca4ffc783509}]
Capabilities {acceptInsecureCerts: false, browserName: chrome, browserVersion: 106.0.5249.119, chrome: {chromedriverVersion: 105.0.5195.52 (412c95e51883..., userDataDir: /var/folders/wy/nhmf_xgn38n...}, goog:chromeOptions: {debuggerAddress: localhost:52466}, networkConnectionEnabled: false, pageLoadStrategy: normal, platformName: MAC, proxy: Proxy(), se:cdp: ws://localhost:52466/devtoo..., se:cdpVersion: 106.0.5249.119, setWindowRect: true, strictFileInteractability: false, timeouts: {implicit: 0, pageLoad: 300000, script: 30000}, unhandledPromptBehavior: dismiss and notify, webauthn:extension:credBlob: true, webauthn:extension:largeBlob: true, webauthn:virtualAuthenticators: true}
Element: [[ChromeDriver: chrome on MAC (3b7c7b46bdf74a08d156de76a03ee764)] -> xpath: //a[text()='Log in']]
Session ID: 3b7c7b46bdf74a08d156de76a03ee764
20:35:54.022  INFO  manager.Listener1WD - *********************
20:35:54.022  INFO  manager.Listener1WD - [[ChromeDriver: chrome on MAC (3b7c7b46bdf74a08d156de76a03ee764)] -> xpath: //a[text()='Log in']]
20:35:54.022  INFO  manager.Listener1WD - Screen with error is  1722 ****src/test/screenshots/screen1722.png
20:35:54.042  INFO  manager.Listener1WD - Before Find Elements By -->By.xpath: //button[text()='Ok']
20:35:59.099  INFO  manager.Listener1WD - After Find Elements By -->By.xpath: //button[text()='Ok']
20:35:59.101  INFO  manager.Listener1WD - List size is -->0
20:35:59.110  INFO  TestBase - Start Method with name --->loginSuccessModelsDP
20:35:59.111  INFO  manager.Listener1WD - Before Find Elements By -->By.xpath: //a[text()=' Logout ']
20:36:04.175  INFO  manager.Listener1WD - After Find Elements By -->By.xpath: //a[text()=' Logout ']
20:36:04.176  INFO  manager.Listener1WD - List size is -->0
20:36:04.179  INFO  TestBase - Login scenario success was used dataUser{name='null', lastname='null', email='noa@gmail.com', password='Nnoa12345$', phone='null'}
20:36:04.182  INFO  manager.Listener1WD - Before Find Element By -->By.xpath: //a[text()='Log in']
20:36:04.213  INFO  manager.Listener1WD - After Find Element By -->By.xpath: //a[text()='Log in']
20:36:05.164  INFO  manager.Listener1WD - Before Find Element By -->By.id: email
20:36:05.181  INFO  manager.Listener1WD - After Find Element By -->By.id: email
20:36:05.346  INFO  manager.Listener1WD - Before Find Element By -->By.id: password
20:36:05.362  INFO  manager.Listener1WD - After Find Element By -->By.id: password
20:36:05.476  INFO  manager.Listener1WD - Before Find Element By -->By.cssSelector: button[type='submit']
20:36:05.490  INFO  manager.Listener1WD - After Find Element By -->By.cssSelector: button[type='submit']
20:36:05.512  INFO  manager.Listener1WD - Before Find Element By -->By.cssSelector: button[type='submit']
20:36:05.529  INFO  manager.Listener1WD - After Find Element By -->By.cssSelector: button[type='submit']
20:36:05.649  INFO  manager.Listener1WD - Before Find Element By -->By.cssSelector: div.dialog-container
20:36:07.309  INFO  manager.Listener1WD - After Find Element By -->By.cssSelector: div.dialog-container
20:36:12.758  INFO  manager.Listener1WD - Before Find Elements By -->By.xpath: //button[text()='Ok']
20:36:12.811  INFO  manager.Listener1WD - After Find Elements By -->By.xpath: //button[text()='Ok']
20:36:12.811  INFO  manager.Listener1WD - List size is -->1
20:36:12.811  INFO  manager.Listener1WD - Before Find Element By -->By.xpath: //button[text()='Ok']
20:36:12.839  INFO  manager.Listener1WD - After Find Element By -->By.xpath: //button[text()='Ok']
20:36:12.884  INFO  TestBase - Start Method with name --->loginSuccessModelsDP
20:36:12.885  INFO  manager.Listener1WD - Before Find Elements By -->By.xpath: //a[text()=' Logout ']
20:36:12.899  INFO  manager.Listener1WD - After Find Elements By -->By.xpath: //a[text()=' Logout ']
20:36:12.899  INFO  manager.Listener1WD - List size is -->1
20:36:12.899  INFO  manager.Listener1WD - Before Find Element By -->By.xpath: //a[text()=' Logout ']
20:36:12.916  INFO  manager.Listener1WD - After Find Element By -->By.xpath: //a[text()=' Logout ']
20:36:13.018  INFO  TestBase - The logout was needed 
20:36:13.019  INFO  TestBase - Login scenario success was used dataUser{name='null', lastname='null', email='sonya@gmail.com', password='Ss12345$', phone='null'}
20:36:13.019  INFO  manager.Listener1WD - Before Find Element By -->By.xpath: //a[text()='Log in']
20:36:13.640  INFO  manager.Listener1WD - After Find Element By -->By.xpath: //a[text()='Log in']
20:36:13.954  INFO  manager.Listener1WD - Before Find Element By -->By.id: email
20:36:13.966  INFO  manager.Listener1WD - After Find Element By -->By.id: email
20:36:14.060  INFO  manager.Listener1WD - Before Find Element By -->By.id: password
20:36:14.072  INFO  manager.Listener1WD - After Find Element By -->By.id: password
20:36:14.145  INFO  manager.Listener1WD - Before Find Element By -->By.cssSelector: button[type='submit']
20:36:14.160  INFO  manager.Listener1WD - After Find Element By -->By.cssSelector: button[type='submit']
20:36:14.190  INFO  manager.Listener1WD - Before Find Element By -->By.cssSelector: button[type='submit']
20:36:14.211  INFO  manager.Listener1WD - After Find Element By -->By.cssSelector: button[type='submit']
20:36:14.244  INFO  manager.Listener1WD - Before Find Element By -->By.cssSelector: div.dialog-container
20:36:14.761  INFO  manager.Listener1WD - After Find Element By -->By.cssSelector: div.dialog-container
20:36:20.157  INFO  manager.Listener1WD - Before Find Elements By -->By.xpath: //button[text()='Ok']
20:36:20.185  INFO  manager.Listener1WD - After Find Elements By -->By.xpath: //button[text()='Ok']
20:36:20.186  INFO  manager.Listener1WD - List size is -->1
20:36:20.186  INFO  manager.Listener1WD - Before Find Element By -->By.xpath: //button[text()='Ok']
20:36:20.197  INFO  manager.Listener1WD - After Find Element By -->By.xpath: //button[text()='Ok']
20:36:20.231  INFO  TestBase - Start Method with name --->loginSuccessModelsDP
20:36:20.232  INFO  manager.Listener1WD - Before Find Elements By -->By.xpath: //a[text()=' Logout ']
20:36:20.253  INFO  manager.Listener1WD - After Find Elements By -->By.xpath: //a[text()=' Logout ']
20:36:20.256  INFO  manager.Listener1WD - List size is -->1
20:36:20.256  INFO  manager.Listener1WD - Before Find Element By -->By.xpath: //a[text()=' Logout ']
20:36:20.266  INFO  manager.Listener1WD - After Find Element By -->By.xpath: //a[text()=' Logout ']
20:36:20.310  INFO  TestBase - The logout was needed 
20:36:20.310  INFO  TestBase - Login scenario success was used dataUser{name='null', lastname='null', email='noa@gmail.com', password='Nnoa12345$', phone='null'}
20:36:20.310  INFO  manager.Listener1WD - Before Find Element By -->By.xpath: //a[text()='Log in']
20:36:20.543  INFO  manager.Listener1WD - After Find Element By -->By.xpath: //a[text()='Log in']
20:36:20.777  INFO  manager.Listener1WD - Before Find Element By -->By.id: email
20:36:20.793  INFO  manager.Listener1WD - After Find Element By -->By.id: email
20:36:20.873  INFO  manager.Listener1WD - Before Find Element By -->By.id: password
20:36:20.889  INFO  manager.Listener1WD - After Find Element By -->By.id: password
20:36:20.949  INFO  manager.Listener1WD - Before Find Element By -->By.cssSelector: button[type='submit']
20:36:20.960  INFO  manager.Listener1WD - After Find Element By -->By.cssSelector: button[type='submit']
20:36:20.981  INFO  manager.Listener1WD - Before Find Element By -->By.cssSelector: button[type='submit']
20:36:20.997  INFO  manager.Listener1WD - After Find Element By -->By.cssSelector: button[type='submit']
20:36:21.027  INFO  manager.Listener1WD - Before Find Element By -->By.cssSelector: div.dialog-container
20:36:22.852  INFO  manager.Listener1WD - After Find Element By -->By.cssSelector: div.dialog-container
20:36:28.275  INFO  manager.Listener1WD - Before Find Elements By -->By.xpath: //button[text()='Ok']
20:36:28.297  INFO  manager.Listener1WD - After Find Elements By -->By.xpath: //button[text()='Ok']
20:36:28.297  INFO  manager.Listener1WD - List size is -->1
20:36:28.297  INFO  manager.Listener1WD - Before Find Element By -->By.xpath: //button[text()='Ok']
20:36:28.312  INFO  manager.Listener1WD - After Find Element By -->By.xpath: //button[text()='Ok']
20:36:28.361  INFO  TestBase - Start Method with name --->negativeWrongEmail
20:36:28.363  INFO  manager.Listener1WD - Before Find Elements By -->By.xpath: //a[text()=' Logout ']
20:36:28.379  INFO  manager.Listener1WD - After Find Elements By -->By.xpath: //a[text()=' Logout ']
20:36:28.379  INFO  manager.Listener1WD - List size is -->1
20:36:28.379  INFO  manager.Listener1WD - Before Find Element By -->By.xpath: //a[text()=' Logout ']
20:36:28.391  INFO  manager.Listener1WD - After Find Element By -->By.xpath: //a[text()=' Logout ']
20:36:28.442  INFO  TestBase - The logout was needed 
20:36:28.447  INFO  TestBase - Login negative scenario with wrong email was used dataUser{name='null', lastname='null', email='noagmail.com', password='Nnoa12345$', phone='null'}
20:36:28.449  INFO  manager.Listener1WD - Before Find Element By -->By.cssSelector: a[href ^='/login']
20:36:29.615  INFO  manager.Listener1WD - After Find Element By -->By.cssSelector: a[href ^='/login']
20:36:29.667  INFO  manager.Listener1WD - Before Find Element By -->By.id: email
20:36:29.679  INFO  manager.Listener1WD - After Find Element By -->By.id: email
20:36:29.798  INFO  manager.Listener1WD - Before Find Element By -->By.id: password
20:36:29.809  INFO  manager.Listener1WD - After Find Element By -->By.id: password
20:36:29.909  INFO  manager.Listener1WD - Before Find Element By -->By.cssSelector: button[type='submit']
20:36:29.921  INFO  manager.Listener1WD - After Find Element By -->By.cssSelector: button[type='submit']
20:36:35.390  INFO  manager.Listener1WD - Before Find Elements By -->By.xpath: //button[text()='Ok']
20:36:40.437  INFO  manager.Listener1WD - After Find Elements By -->By.xpath: //button[text()='Ok']
20:36:40.438  INFO  manager.Listener1WD - List size is -->0
20:36:40.444  INFO  TestBase - Start Method with name --->negativeWrongPassword
20:36:40.446  INFO  manager.Listener1WD - Before Find Elements By -->By.xpath: //a[text()=' Logout ']
20:36:45.518  INFO  manager.Listener1WD - After Find Elements By -->By.xpath: //a[text()=' Logout ']
20:36:45.519  INFO  manager.Listener1WD - List size is -->0
20:36:45.526  INFO  TestBase - Login negative scenario with wrong passeord was used dataUser{name='null', lastname='null', email='noa@gmail.com', password='Wwow12345$', phone='null'}
20:36:45.529  INFO  manager.Listener1WD - Before Find Element By -->By.cssSelector: a[href ^='/login']
20:36:45.572  INFO  manager.Listener1WD - After Find Element By -->By.cssSelector: a[href ^='/login']
20:36:45.640  INFO  manager.Listener1WD - Before Find Element By -->By.id: email
20:36:45.655  INFO  manager.Listener1WD - After Find Element By -->By.id: email
20:36:45.748  INFO  manager.Listener1WD - Before Find Element By -->By.id: password
20:36:45.772  INFO  manager.Listener1WD - After Find Element By -->By.id: password
20:36:45.825  INFO  manager.Listener1WD - Before Find Element By -->By.cssSelector: button[type='submit']
20:36:45.834  INFO  manager.Listener1WD - After Find Element By -->By.cssSelector: button[type='submit']
20:36:45.854  INFO  manager.Listener1WD - Before Find Element By -->By.cssSelector: button[type='submit']
20:36:45.872  INFO  manager.Listener1WD - After Find Element By -->By.cssSelector: button[type='submit']
20:36:45.911  INFO  manager.Listener1WD - Before Find Element By -->By.cssSelector: div.dialog-container
20:36:46.781  INFO  manager.Listener1WD - After Find Element By -->By.cssSelector: div.dialog-container
20:36:52.267  INFO  manager.Listener1WD - Before Find Elements By -->By.xpath: //button[text()='Ok']
20:36:52.294  INFO  manager.Listener1WD - After Find Elements By -->By.xpath: //button[text()='Ok']
20:36:52.295  INFO  manager.Listener1WD - List size is -->1
20:36:52.295  INFO  manager.Listener1WD - Before Find Element By -->By.xpath: //button[text()='Ok']
20:36:52.311  INFO  manager.Listener1WD - After Find Element By -->By.xpath: //button[text()='Ok']
